{
  "stats": {
    "suites": 1,
    "tests": 3,
    "passes": 2,
    "pending": 0,
    "failures": 1,
    "start": "2024-06-26T09:01:09.524Z",
    "end": "2024-06-26T09:01:14.209Z",
    "duration": 4685,
    "testsRegistered": 3,
    "passPercent": 66.66666666666666,
    "pendingPercent": 0,
    "other": 0,
    "hasOther": false,
    "skipped": 0,
    "hasSkipped": false
  },
  "results": [
    {
      "uuid": "adb8de73-3988-41e9-94b3-8813a5878def",
      "title": "",
      "fullFile": "cypress/e2e/first_test.cy.js",
      "file": "cypress/e2e/first_test.cy.js",
      "beforeHooks": [],
      "afterHooks": [],
      "tests": [],
      "suites": [
        {
          "uuid": "afa3e0e9-afa0-4e84-ba56-206be81f78db",
          "title": "Sample test",
          "fullFile": "",
          "file": "",
          "beforeHooks": [],
          "afterHooks": [],
          "tests": [
            {
              "title": "Valid",
              "fullTitle": "Sample test Valid",
              "timedOut": null,
              "duration": 429,
              "state": "passed",
              "speed": "fast",
              "pass": true,
              "fail": false,
              "pending": false,
              "context": null,
              "code": "cy.log(\"launch url\");\ncy.visit('https://example.cypress.io/todo');\ncy.log(\"verify assertions\");\ncy.get('.todo-list li').should('have.length', 2);\ncy.get('.todo-list li').first().should('have.text', 'Pay electric bill');\ncy.get('.todo-list li').last().should('have.text', 'Walk the dog');",
              "err": {},
              "uuid": "717e0072-7cc9-46ee-a4b0-d56d868d6232",
              "parentUUID": "afa3e0e9-afa0-4e84-ba56-206be81f78db",
              "isHook": false,
              "skipped": false
            },
            {
              "title": "Invalid",
              "fullTitle": "Sample test Invalid",
              "timedOut": null,
              "duration": 1327,
              "state": "failed",
              "speed": null,
              "pass": false,
              "fail": true,
              "pending": false,
              "context": null,
              "code": "cy.log(\"launch url\");\ncy.visit('https://example.cypress.io/todo');\ncy.log(\"verify assertions\");\ncy.get('.todo-list li').should('have.length', 2);\ncy.get('.todo-list li').first().should('have.text', 'Pay electric bill');\ncy.get('.todo-list li').last().should('have.text', 'Walk the dog');\ncy.log(\"again launch url\");\ncy.visit('https://exampl.io/todo');",
              "err": {
                "message": "CypressError: `cy.visit()` failed trying to load:\n\nhttps://exampl.io/todo\n\nWe attempted to make an http request to this URL but the request failed without a response.\n\nWe received this error at the network level:\n\n  > Error: getaddrinfo ENOTFOUND exampl.io\n\nCommon situations why this would fail:\n  - you don't have internet access\n  - you forgot to run / boot your web server\n  - your web server isn't accessible\n  - you have weird network configuration settings on your computer",
                "estack": "CypressError: `cy.visit()` failed trying to load:\n\nhttps://exampl.io/todo\n\nWe attempted to make an http request to this URL but the request failed without a response.\n\nWe received this error at the network level:\n\n  > Error: getaddrinfo ENOTFOUND exampl.io\n\nCommon situations why this would fail:\n  - you don't have internet access\n  - you forgot to run / boot your web server\n  - your web server isn't accessible\n  - you have weird network configuration settings on your computer\n    at <unknown> (https://example.cypress.io/__cypress/runner/cypress_runner.js:131507:74)\n    at visitFailedByErr (https://example.cypress.io/__cypress/runner/cypress_runner.js:130906:12)\n    at <unknown> (https://example.cypress.io/__cypress/runner/cypress_runner.js:131506:11)\n    at tryCatcher (https://example.cypress.io/__cypress/runner/cypress_runner.js:1807:23)\n    at Promise._settlePromiseFromHandler (https://example.cypress.io/__cypress/runner/cypress_runner.js:1519:31)\n    at Promise._settlePromise (https://example.cypress.io/__cypress/runner/cypress_runner.js:1576:18)\n    at Promise._settlePromise0 (https://example.cypress.io/__cypress/runner/cypress_runner.js:1621:10)\n    at Promise._settlePromises (https://example.cypress.io/__cypress/runner/cypress_runner.js:1697:18)\n    at _drainQueueStep (https://example.cypress.io/__cypress/runner/cypress_runner.js:2407:12)\n    at _drainQueue (https://example.cypress.io/__cypress/runner/cypress_runner.js:2400:9)\n    at Async._drainQueues (https://example.cypress.io/__cypress/runner/cypress_runner.js:2416:5)\n    at Async.drainQueues (https://example.cypress.io/__cypress/runner/cypress_runner.js:2286:14)\nFrom Your Spec Code:\n    at Context.eval (webpack://cypresspoc/./cypress/e2e/first_test.cy.js:25:7)\n\nFrom Node.js Internals:\n  Error: getaddrinfo ENOTFOUND exampl.io\n      at GetAddrInfoReqWrap.onlookup [as oncomplete] (node:dns:108:26)",
                "diff": null
              },
              "uuid": "ff1859df-ea5c-4ccf-ad07-1ce0d4ca63b2",
              "parentUUID": "afa3e0e9-afa0-4e84-ba56-206be81f78db",
              "isHook": false,
              "skipped": false
            },
            {
              "title": "Example Test Case",
              "fullTitle": "Sample test Example Test Case",
              "timedOut": null,
              "duration": 19,
              "state": "passed",
              "speed": "fast",
              "pass": true,
              "fail": false,
              "pending": false,
              "context": null,
              "code": "cy.allure().step('Visit Example Page', () => {\n  cy.visit('https://example.com');\n});\ncy.allure().step('Click Example Button', () => {\n  cy.get('button').click();\n});\ncy.allure().step('Check Result', () => {\n  cy.get('result').should('contain', 'Expected Result');\n});",
              "err": {},
              "uuid": "cd9e3b5c-c6db-42d3-a5b1-4264afef125e",
              "parentUUID": "afa3e0e9-afa0-4e84-ba56-206be81f78db",
              "isHook": false,
              "skipped": false
            }
          ],
          "suites": [],
          "passes": [
            "717e0072-7cc9-46ee-a4b0-d56d868d6232",
            "cd9e3b5c-c6db-42d3-a5b1-4264afef125e"
          ],
          "failures": [
            "ff1859df-ea5c-4ccf-ad07-1ce0d4ca63b2"
          ],
          "pending": [],
          "skipped": [],
          "duration": 1775,
          "root": false,
          "rootEmpty": false,
          "_timeout": 2000
        }
      ],
      "passes": [],
      "failures": [],
      "pending": [],
      "skipped": [],
      "duration": 0,
      "root": true,
      "rootEmpty": true,
      "_timeout": 2000
    }
  ],
  "meta": {
    "mocha": {
      "version": "7.0.1"
    },
    "mochawesome": {
      "options": {
        "quiet": false,
        "reportFilename": "mochawesome",
        "saveHtml": true,
        "saveJson": true,
        "consoleReporter": "spec",
        "useInlineDiffs": false,
        "code": true
      },
      "version": "7.1.3"
    },
    "marge": {
      "options": {
        "reportDir": "cypress/reports",
        "overwrite": false,
        "html": true,
        "json": true
      },
      "version": "6.2.0"
    }
  }
}